<?xml version="1.0" encoding="UTF-8"?>
<!-- Generated by org.testng.reporters.JUnitXMLReporter -->
<testsuite ignored="0" hostname="DESKTOP-LN0E96G" failures="0" tests="4" name="Test" time="0.156" errors="0" timestamp="2024-02-01T22:11:53 IST">
  <testcase classname="testcases.TestCase1" name="Search" time="0.017"/>
  <testcase classname="testcases.TestCase1" name="Buy" time="0.007"/>
  <testcase classname="testcases.TestCaseAnnotations" name="test1" time="0.005"/>
  <testcase classname="testcases.TestCaseAnnotations" name="test2" time="0.004"/>
</testsuite> <!-- Test -->
