<?xml version="1.0" encoding="UTF-8"?>
<testng-results ignored="0" total="4" passed="4" failed="0" skipped="0">
  <reporter-output>
  </reporter-output>
  <suite started-at="2024-02-01T22:11:53 IST" name="Suite" finished-at="2024-02-01T22:11:53 IST" duration-ms="156">
    <groups>
    </groups>
    <test started-at="2024-02-01T22:11:53 IST" name="Test" finished-at="2024-02-01T22:11:53 IST" duration-ms="156">
      <class name="testcases.TestCaseAnnotations">
        <test-method is-config="true" signature="beforeSuite()[pri:0, instance:testcases.TestCaseAnnotations@185a6e9]" started-at="2024-02-01T22:11:53 IST" name="beforeSuite" finished-at="2024-02-01T22:11:53 IST" duration-ms="16" status="PASS">
          <reporter-output>
          </reporter-output>
        </test-method> <!-- beforeSuite -->
        <test-method is-config="true" signature="beforeTest()[pri:0, instance:testcases.TestCaseAnnotations@185a6e9]" started-at="2024-02-01T22:11:53 IST" name="beforeTest" finished-at="2024-02-01T22:11:53 IST" duration-ms="1" status="PASS">
          <reporter-output>
          </reporter-output>
        </test-method> <!-- beforeTest -->
        <test-method is-config="true" signature="beforeClass()[pri:0, instance:testcases.TestCaseAnnotations@185a6e9]" started-at="2024-02-01T22:11:53 IST" name="beforeClass" finished-at="2024-02-01T22:11:53 IST" duration-ms="2" status="PASS">
          <reporter-output>
          </reporter-output>
        </test-method> <!-- beforeClass -->
        <test-method is-config="true" signature="beforeMethod()[pri:0, instance:testcases.TestCaseAnnotations@185a6e9]" started-at="2024-02-01T22:11:53 IST" name="beforeMethod" finished-at="2024-02-01T22:11:53 IST" duration-ms="1" status="PASS">
          <reporter-output>
          </reporter-output>
        </test-method> <!-- beforeMethod -->
        <test-method signature="test1()[pri:0, instance:testcases.TestCaseAnnotations@185a6e9]" started-at="2024-02-01T22:11:53 IST" name="test1" finished-at="2024-02-01T22:11:53 IST" duration-ms="5" status="PASS">
          <reporter-output>
          </reporter-output>
        </test-method> <!-- test1 -->
        <test-method is-config="true" signature="afterMethod()[pri:0, instance:testcases.TestCaseAnnotations@185a6e9]" started-at="2024-02-01T22:11:53 IST" name="afterMethod" finished-at="2024-02-01T22:11:53 IST" duration-ms="1" status="PASS">
          <reporter-output>
          </reporter-output>
        </test-method> <!-- afterMethod -->
        <test-method signature="test2()[pri:0, instance:testcases.TestCaseAnnotations@185a6e9]" started-at="2024-02-01T22:11:53 IST" name="test2" finished-at="2024-02-01T22:11:53 IST" duration-ms="4" status="PASS">
          <reporter-output>
          </reporter-output>
        </test-method> <!-- test2 -->
        <test-method is-config="true" signature="beforeMethod()[pri:0, instance:testcases.TestCaseAnnotations@185a6e9]" started-at="2024-02-01T22:11:53 IST" name="beforeMethod" finished-at="2024-02-01T22:11:53 IST" duration-ms="0" status="PASS">
          <reporter-output>
          </reporter-output>
        </test-method> <!-- beforeMethod -->
        <test-method is-config="true" signature="afterMethod()[pri:0, instance:testcases.TestCaseAnnotations@185a6e9]" started-at="2024-02-01T22:11:53 IST" name="afterMethod" finished-at="2024-02-01T22:11:53 IST" duration-ms="1" status="PASS">
          <reporter-output>
          </reporter-output>
        </test-method> <!-- afterMethod -->
        <test-method is-config="true" signature="afterClass()[pri:0, instance:testcases.TestCaseAnnotations@185a6e9]" started-at="2024-02-01T22:11:53 IST" name="afterClass" finished-at="2024-02-01T22:11:53 IST" duration-ms="1" status="PASS">
          <reporter-output>
          </reporter-output>
        </test-method> <!-- afterClass -->
        <test-method is-config="true" signature="afterTest()[pri:0, instance:testcases.TestCaseAnnotations@185a6e9]" started-at="2024-02-01T22:11:53 IST" name="afterTest" finished-at="2024-02-01T22:11:53 IST" duration-ms="1" status="PASS">
          <reporter-output>
          </reporter-output>
        </test-method> <!-- afterTest -->
        <test-method is-config="true" signature="afterSuite()[pri:0, instance:testcases.TestCaseAnnotations@185a6e9]" started-at="2024-02-01T22:11:53 IST" name="afterSuite" finished-at="2024-02-01T22:11:53 IST" duration-ms="1" status="PASS">
          <reporter-output>
          </reporter-output>
        </test-method> <!-- afterSuite -->
      </class> <!-- testcases.TestCaseAnnotations -->
      <class name="testcases.TestCase1">
        <test-method is-config="true" signature="Open()[pri:0, instance:testcases.TestCase1@217ed35e]" started-at="2024-02-01T22:11:53 IST" name="Open" finished-at="2024-02-01T22:11:53 IST" duration-ms="1" status="PASS">
          <reporter-output>
          </reporter-output>
        </test-method> <!-- Open -->
        <test-method is-config="true" signature="Login()[pri:0, instance:testcases.TestCase1@217ed35e]" started-at="2024-02-01T22:11:53 IST" name="Login" finished-at="2024-02-01T22:11:53 IST" duration-ms="11" status="PASS">
          <reporter-output>
          </reporter-output>
        </test-method> <!-- Login -->
        <test-method signature="Search()[pri:1, instance:testcases.TestCase1@217ed35e]" started-at="2024-02-01T22:11:53 IST" name="Search" finished-at="2024-02-01T22:11:53 IST" duration-ms="17" status="PASS">
          <reporter-output>
          </reporter-output>
        </test-method> <!-- Search -->
        <test-method is-config="true" signature="LogOut()[pri:0, instance:testcases.TestCase1@217ed35e]" started-at="2024-02-01T22:11:53 IST" name="LogOut" finished-at="2024-02-01T22:11:53 IST" duration-ms="2" status="PASS">
          <reporter-output>
          </reporter-output>
        </test-method> <!-- LogOut -->
        <test-method is-config="true" signature="Login()[pri:0, instance:testcases.TestCase1@217ed35e]" started-at="2024-02-01T22:11:53 IST" name="Login" finished-at="2024-02-01T22:11:53 IST" duration-ms="1" status="PASS">
          <reporter-output>
          </reporter-output>
        </test-method> <!-- Login -->
        <test-method signature="Buy()[pri:2, instance:testcases.TestCase1@217ed35e]" started-at="2024-02-01T22:11:53 IST" name="Buy" finished-at="2024-02-01T22:11:53 IST" depends-on-methods="testcases.TestCase1.Search" duration-ms="7" status="PASS">
          <reporter-output>
          </reporter-output>
        </test-method> <!-- Buy -->
        <test-method is-config="true" signature="LogOut()[pri:0, instance:testcases.TestCase1@217ed35e]" started-at="2024-02-01T22:11:53 IST" name="LogOut" finished-at="2024-02-01T22:11:53 IST" duration-ms="1" status="PASS">
          <reporter-output>
          </reporter-output>
        </test-method> <!-- LogOut -->
        <test-method is-config="true" signature="Close()[pri:0, instance:testcases.TestCase1@217ed35e]" started-at="2024-02-01T22:11:53 IST" name="Close" finished-at="2024-02-01T22:11:53 IST" duration-ms="1" status="PASS">
          <reporter-output>
          </reporter-output>
        </test-method> <!-- Close -->
      </class> <!-- testcases.TestCase1 -->
    </test> <!-- Test -->
  </suite> <!-- Suite -->
</testng-results>
