<?xml version="1.0" encoding="UTF-8"?>
<testng-results ignored="0" total="1" passed="1" failed="0" skipped="0">
  <reporter-output>
  </reporter-output>
  <suite started-at="2024-02-08T11:02:09 IST" name=" Data Driven Suite" finished-at="2024-02-08T11:02:21 IST" duration-ms="12178">
    <groups>
    </groups>
    <test started-at="2024-02-08T11:02:09 IST" name="Base Class" finished-at="2024-02-08T11:02:09 IST" duration-ms="27">
    </test> <!-- Base Class -->
    <test started-at="2024-02-08T11:02:09 IST" name="Email SignIn Test" finished-at="2024-02-08T11:02:21 IST" duration-ms="12133">
      <class name="testcases.EmailSignIn">
        <test-method is-config="true" signature="SetUp()[pri:0, instance:testcases.EmailSignIn@1aafa419]" started-at="2024-02-08T11:02:00 IST" name="SetUp" finished-at="2024-02-08T11:02:09 IST" duration-ms="8729" status="PASS">
          <reporter-output>
          </reporter-output>
        </test-method> <!-- SetUp -->
        <test-method signature="Login()[pri:0, instance:testcases.EmailSignIn@1aafa419]" started-at="2024-02-08T11:02:09 IST" name="Login" finished-at="2024-02-08T11:02:21 IST" duration-ms="12099" status="PASS">
          <reporter-output>
          </reporter-output>
        </test-method> <!-- Login -->
        <test-method is-config="true" signature="Close()[pri:0, instance:testcases.EmailSignIn@1aafa419]" started-at="2024-02-08T11:02:21 IST" name="Close" finished-at="2024-02-08T11:02:21 IST" duration-ms="280" status="PASS">
          <reporter-output>
          </reporter-output>
        </test-method> <!-- Close -->
      </class> <!-- testcases.EmailSignIn -->
    </test> <!-- Email SignIn Test -->
  </suite> <!--  Data Driven Suite -->
</testng-results>
