<?xml version="1.0" encoding="UTF-8"?>
<testng-results ignored="0" total="1" passed="1" failed="0" skipped="0">
  <reporter-output>
  </reporter-output>
  <suite started-at="2024-02-09T10:35:48 IST" name=" Data Driven Suite" finished-at="2024-02-09T10:36:01 IST" duration-ms="12579">
    <groups>
    </groups>
    <test started-at="2024-02-09T10:35:48 IST" name="Base Class" finished-at="2024-02-09T10:35:48 IST" duration-ms="15">
    </test> <!-- Base Class -->
    <test started-at="2024-02-09T10:35:48 IST" name="Email SignIn Test" finished-at="2024-02-09T10:36:01 IST" duration-ms="12468">
      <class name="testcases.EmailSignIn">
        <test-method is-config="true" signature="SetUp()[pri:0, instance:testcases.EmailSignIn@1573f9fc]" started-at="2024-02-09T10:35:35 IST" name="SetUp" finished-at="2024-02-09T10:35:48 IST" duration-ms="13522" status="PASS">
          <reporter-output>
          </reporter-output>
        </test-method> <!-- SetUp -->
        <test-method signature="Login()[pri:0, instance:testcases.EmailSignIn@1573f9fc]" started-at="2024-02-09T10:35:48 IST" name="Login" finished-at="2024-02-09T10:36:01 IST" duration-ms="12433" status="PASS">
          <reporter-output>
          </reporter-output>
        </test-method> <!-- Login -->
        <test-method is-config="true" signature="Close()[pri:0, instance:testcases.EmailSignIn@1573f9fc]" started-at="2024-02-09T10:36:01 IST" name="Close" finished-at="2024-02-09T10:36:02 IST" duration-ms="702" status="PASS">
          <reporter-output>
          </reporter-output>
        </test-method> <!-- Close -->
      </class> <!-- testcases.EmailSignIn -->
    </test> <!-- Email SignIn Test -->
  </suite> <!--  Data Driven Suite -->
</testng-results>
