<?xml version="1.0" encoding="UTF-8"?>
<testng-results ignored="0" total="2" passed="2" failed="0" skipped="0">
  <reporter-output>
  </reporter-output>
  <suite started-at="2024-02-01T21:26:06 IST" name="Default suite" finished-at="2024-02-01T21:26:06 IST" duration-ms="92">
    <groups>
    </groups>
    <test started-at="2024-02-01T21:26:06 IST" name="Default test" finished-at="2024-02-01T21:26:06 IST" duration-ms="92">
      <class name="testcases.TestCase1">
        <test-method signature="SignOut()[pri:0, instance:testcases.TestCase1@55141def]" started-at="2024-02-01T21:26:06 IST" name="SignOut" finished-at="2024-02-01T21:26:06 IST" duration-ms="14" status="PASS">
          <reporter-output>
          </reporter-output>
        </test-method> <!-- SignOut -->
        <test-method signature="SignUp()[pri:0, instance:testcases.TestCase1@55141def]" started-at="2024-02-01T21:26:06 IST" name="SignUp" finished-at="2024-02-01T21:26:06 IST" duration-ms="4" status="PASS">
          <reporter-output>
          </reporter-output>
        </test-method> <!-- SignUp -->
      </class> <!-- testcases.TestCase1 -->
    </test> <!-- Default test -->
  </suite> <!-- Default suite -->
</testng-results>
